<?xml version="1.0" encoding="UTF-8"?>
<!-- Generated by org.testng.reporters.JUnitReportReporter -->
<testsuite skipped="0" hostname="DESKTOP-27L8JE7" name="com.project.AugustMaven8PMBatch.TNG_002" tests="2" failures="0" timestamp="2020-08-12T21:07:57 IST" time="28.550" errors="0">
  <testcase name="amazon1" time="9.120" classname="com.project.AugustMaven8PMBatch.TNG_002"/>
  <system-out/>
  <testcase name="amazon" time="19.430" classname="com.project.AugustMaven8PMBatch.TNG_002"/>
  <system-out/>
</testsuite> <!-- com.project.AugustMaven8PMBatch.TNG_002 -->
