<?xml version="1.0" encoding="UTF-8"?>
<!-- Generated by org.testng.reporters.JUnitReportReporter -->
<testsuite skipped="1" hostname="DESKTOP-27L8JE7" name="com.project.AugustMaven8PMBatch.TNG_001" tests="3" failures="0" timestamp="2020-08-12T20:26:02 IST" time="0.038" errors="0">
  <testcase name="f" time="0.031" classname="com.project.AugustMaven8PMBatch.TNG_001"/>
  <system-out/>
  <testcase name="a" time="0.007" classname="com.project.AugustMaven8PMBatch.TNG_001"/>
  <system-out/>
  <testcase name="z" classname="com.project.AugustMaven8PMBatch.TNG_001">
    <skipped/>
  </testcase> <!-- z -->
  <system-out/>
</testsuite> <!-- com.project.AugustMaven8PMBatch.TNG_001 -->
